mode: set
github.com/danielnegreiros/go-proxmox-cli/internal/app/parser/punix/menu.go:12.88,31.41 5 0
github.com/danielnegreiros/go-proxmox-cli/internal/app/parser/punix/menu.go:31.41,32.27 1 0
github.com/danielnegreiros/go-proxmox-cli/internal/app/parser/punix/menu.go:32.27,35.4 2 0
github.com/danielnegreiros/go-proxmox-cli/internal/app/parser/punix/menu.go:38.2,41.19 3 0
github.com/danielnegreiros/go-proxmox-cli/internal/app/parser/punix/menu.go:41.19,43.3 1 0
github.com/danielnegreiros/go-proxmox-cli/internal/app/parser/punix/menu.go:45.2,46.16 2 0
github.com/danielnegreiros/go-proxmox-cli/internal/app/parser/punix/menu.go:46.16,48.3 1 0
github.com/danielnegreiros/go-proxmox-cli/internal/app/parser/punix/menu.go:50.2,50.52 1 0
github.com/danielnegreiros/go-proxmox-cli/internal/app/parser/punix/ssh_harden.go:13.13,21.2 1 0
github.com/danielnegreiros/go-proxmox-cli/internal/app/parser/punix/ssh_harden.go:23.60,38.25 10 0
github.com/danielnegreiros/go-proxmox-cli/internal/app/parser/punix/ssh_harden.go:38.25,54.3 13 0
github.com/danielnegreiros/go-proxmox-cli/internal/app/parser/punix/ssh_harden.go:56.2,60.16 3 0
github.com/danielnegreiros/go-proxmox-cli/internal/app/parser/punix/ssh_harden.go:60.16,62.3 1 0
github.com/danielnegreiros/go-proxmox-cli/internal/app/parser/punix/ssh_harden.go:63.2,63.16 1 0
github.com/danielnegreiros/go-proxmox-cli/internal/app/parser/punix/ssh_harden.go:63.16,67.3 3 0
github.com/danielnegreiros/go-proxmox-cli/internal/app/parser/punix/ssh_harden.go:69.2,69.16 1 0
github.com/danielnegreiros/go-proxmox-cli/internal/app/parser/punix/ssh_harden.go:69.16,71.3 1 0
github.com/danielnegreiros/go-proxmox-cli/internal/app/parser/punix/ssh_harden.go:72.2,72.16 1 0
github.com/danielnegreiros/go-proxmox-cli/internal/app/parser/punix/ssh_harden.go:72.16,76.3 3 0
github.com/danielnegreiros/go-proxmox-cli/internal/app/parser/punix/ssh_harden.go:78.2,78.20 1 0
github.com/danielnegreiros/go-proxmox-cli/internal/app/parser/punix/ssh_harden.go:78.20,80.3 1 0
github.com/danielnegreiros/go-proxmox-cli/internal/app/parser/punix/ssh_harden.go:81.2,81.20 1 0
github.com/danielnegreiros/go-proxmox-cli/internal/app/parser/punix/ssh_harden.go:81.20,85.3 3 0
github.com/danielnegreiros/go-proxmox-cli/internal/app/parser/punix/ssh_harden.go:87.2,94.16 6 0
github.com/danielnegreiros/go-proxmox-cli/internal/app/parser/command.go:14.13,16.2 1 0
github.com/danielnegreiros/go-proxmox-cli/internal/app/parser/command.go:19.70,34.36 3 0
github.com/danielnegreiros/go-proxmox-cli/internal/app/parser/command.go:34.36,36.3 1 0
github.com/danielnegreiros/go-proxmox-cli/internal/app/parser/command.go:38.2,41.19 3 0
github.com/danielnegreiros/go-proxmox-cli/internal/app/parser/command.go:41.19,43.3 1 0
github.com/danielnegreiros/go-proxmox-cli/internal/app/parser/command.go:45.2,46.16 2 0
github.com/danielnegreiros/go-proxmox-cli/internal/app/parser/command.go:46.16,48.3 1 0
github.com/danielnegreiros/go-proxmox-cli/internal/app/parser/command.go:49.2,49.11 1 0
github.com/danielnegreiros/go-proxmox-cli/internal/app/parser/command.go:52.101,53.35 1 0
github.com/danielnegreiros/go-proxmox-cli/internal/app/parser/command.go:53.35,55.27 2 0
github.com/danielnegreiros/go-proxmox-cli/internal/app/parser/command.go:55.27,57.4 1 0
github.com/danielnegreiros/go-proxmox-cli/internal/app/parser/command.go:59.2,59.19 1 0
github.com/danielnegreiros/go-proxmox-cli/internal/app/http_client/http_client.go:10.84,20.2 1 0
github.com/danielnegreiros/go-proxmox-cli/internal/app/http_client/http_client.go:22.58,27.2 4 0
github.com/danielnegreiros/go-proxmox-cli/internal/app/parser/proxmox/clean_up_snapshot.go:13.13,21.2 1 0
github.com/danielnegreiros/go-proxmox-cli/internal/app/parser/proxmox/clean_up_snapshot.go:23.60,44.25 16 0
github.com/danielnegreiros/go-proxmox-cli/internal/app/parser/proxmox/clean_up_snapshot.go:44.25,64.3 16 0
github.com/danielnegreiros/go-proxmox-cli/internal/app/parser/proxmox/clean_up_snapshot.go:66.2,70.20 3 0
github.com/danielnegreiros/go-proxmox-cli/internal/app/parser/proxmox/clean_up_snapshot.go:70.20,72.3 1 0
github.com/danielnegreiros/go-proxmox-cli/internal/app/parser/proxmox/clean_up_snapshot.go:73.2,73.20 1 0
github.com/danielnegreiros/go-proxmox-cli/internal/app/parser/proxmox/clean_up_snapshot.go:73.20,77.3 3 0
github.com/danielnegreiros/go-proxmox-cli/internal/app/parser/proxmox/clean_up_snapshot.go:79.2,79.16 1 0
github.com/danielnegreiros/go-proxmox-cli/internal/app/parser/proxmox/clean_up_snapshot.go:79.16,81.3 1 0
github.com/danielnegreiros/go-proxmox-cli/internal/app/parser/proxmox/clean_up_snapshot.go:82.2,82.16 1 0
github.com/danielnegreiros/go-proxmox-cli/internal/app/parser/proxmox/clean_up_snapshot.go:82.16,86.3 3 0
github.com/danielnegreiros/go-proxmox-cli/internal/app/parser/proxmox/clean_up_snapshot.go:88.2,88.20 1 0
github.com/danielnegreiros/go-proxmox-cli/internal/app/parser/proxmox/clean_up_snapshot.go:88.20,90.3 1 0
github.com/danielnegreiros/go-proxmox-cli/internal/app/parser/proxmox/clean_up_snapshot.go:91.2,91.20 1 0
github.com/danielnegreiros/go-proxmox-cli/internal/app/parser/proxmox/clean_up_snapshot.go:91.20,95.3 3 0
github.com/danielnegreiros/go-proxmox-cli/internal/app/parser/proxmox/clean_up_snapshot.go:97.2,97.16 1 0
github.com/danielnegreiros/go-proxmox-cli/internal/app/parser/proxmox/clean_up_snapshot.go:97.16,99.3 1 0
github.com/danielnegreiros/go-proxmox-cli/internal/app/parser/proxmox/clean_up_snapshot.go:100.2,100.16 1 0
github.com/danielnegreiros/go-proxmox-cli/internal/app/parser/proxmox/clean_up_snapshot.go:100.16,104.3 3 0
github.com/danielnegreiros/go-proxmox-cli/internal/app/parser/proxmox/clean_up_snapshot.go:106.2,106.16 1 0
github.com/danielnegreiros/go-proxmox-cli/internal/app/parser/proxmox/clean_up_snapshot.go:106.16,110.3 3 0
github.com/danielnegreiros/go-proxmox-cli/internal/app/parser/proxmox/clean_up_snapshot.go:112.2,112.21 1 0
github.com/danielnegreiros/go-proxmox-cli/internal/app/parser/proxmox/clean_up_snapshot.go:112.21,114.3 1 0
github.com/danielnegreiros/go-proxmox-cli/internal/app/parser/proxmox/clean_up_snapshot.go:116.2,116.19 1 0
github.com/danielnegreiros/go-proxmox-cli/internal/app/parser/proxmox/clean_up_snapshot.go:116.19,120.3 3 0
github.com/danielnegreiros/go-proxmox-cli/internal/app/parser/proxmox/clean_up_snapshot.go:122.2,122.19 1 0
github.com/danielnegreiros/go-proxmox-cli/internal/app/parser/proxmox/clean_up_snapshot.go:122.19,126.3 3 0
github.com/danielnegreiros/go-proxmox-cli/internal/app/parser/proxmox/clean_up_snapshot.go:128.2,138.16 9 0
github.com/danielnegreiros/go-proxmox-cli/internal/app/parser/proxmox/create_snapshots.go:13.13,21.2 1 0
github.com/danielnegreiros/go-proxmox-cli/internal/app/parser/proxmox/create_snapshots.go:23.66,40.25 12 0
github.com/danielnegreiros/go-proxmox-cli/internal/app/parser/proxmox/create_snapshots.go:40.25,57.3 14 0
github.com/danielnegreiros/go-proxmox-cli/internal/app/parser/proxmox/create_snapshots.go:59.2,63.20 3 0
github.com/danielnegreiros/go-proxmox-cli/internal/app/parser/proxmox/create_snapshots.go:63.20,65.3 1 0
github.com/danielnegreiros/go-proxmox-cli/internal/app/parser/proxmox/create_snapshots.go:66.2,66.20 1 0
github.com/danielnegreiros/go-proxmox-cli/internal/app/parser/proxmox/create_snapshots.go:66.20,70.3 3 0
github.com/danielnegreiros/go-proxmox-cli/internal/app/parser/proxmox/create_snapshots.go:72.2,72.16 1 0
github.com/danielnegreiros/go-proxmox-cli/internal/app/parser/proxmox/create_snapshots.go:72.16,74.3 1 0
github.com/danielnegreiros/go-proxmox-cli/internal/app/parser/proxmox/create_snapshots.go:75.2,75.16 1 0
github.com/danielnegreiros/go-proxmox-cli/internal/app/parser/proxmox/create_snapshots.go:75.16,79.3 3 0
github.com/danielnegreiros/go-proxmox-cli/internal/app/parser/proxmox/create_snapshots.go:81.2,81.20 1 0
github.com/danielnegreiros/go-proxmox-cli/internal/app/parser/proxmox/create_snapshots.go:81.20,83.3 1 0
github.com/danielnegreiros/go-proxmox-cli/internal/app/parser/proxmox/create_snapshots.go:84.2,84.20 1 0
github.com/danielnegreiros/go-proxmox-cli/internal/app/parser/proxmox/create_snapshots.go:84.20,88.3 3 0
github.com/danielnegreiros/go-proxmox-cli/internal/app/parser/proxmox/create_snapshots.go:90.2,90.16 1 0
github.com/danielnegreiros/go-proxmox-cli/internal/app/parser/proxmox/create_snapshots.go:90.16,92.3 1 0
github.com/danielnegreiros/go-proxmox-cli/internal/app/parser/proxmox/create_snapshots.go:93.2,93.16 1 0
github.com/danielnegreiros/go-proxmox-cli/internal/app/parser/proxmox/create_snapshots.go:93.16,97.3 3 0
github.com/danielnegreiros/go-proxmox-cli/internal/app/parser/proxmox/create_snapshots.go:99.2,99.16 1 0
github.com/danielnegreiros/go-proxmox-cli/internal/app/parser/proxmox/create_snapshots.go:99.16,103.3 3 0
github.com/danielnegreiros/go-proxmox-cli/internal/app/parser/proxmox/create_snapshots.go:106.2,114.16 7 0
github.com/danielnegreiros/go-proxmox-cli/internal/app/parser/proxmox/create_vm.go:13.13,21.2 1 0
github.com/danielnegreiros/go-proxmox-cli/internal/app/parser/proxmox/create_vm.go:23.57,54.29 26 0
github.com/danielnegreiros/go-proxmox-cli/internal/app/parser/proxmox/create_vm.go:54.29,70.3 13 0
github.com/danielnegreiros/go-proxmox-cli/internal/app/parser/proxmox/create_vm.go:72.2,79.20 5 0
github.com/danielnegreiros/go-proxmox-cli/internal/app/parser/proxmox/create_vm.go:79.20,81.3 1 0
github.com/danielnegreiros/go-proxmox-cli/internal/app/parser/proxmox/create_vm.go:82.2,82.20 1 0
github.com/danielnegreiros/go-proxmox-cli/internal/app/parser/proxmox/create_vm.go:82.20,86.3 3 0
github.com/danielnegreiros/go-proxmox-cli/internal/app/parser/proxmox/create_vm.go:88.2,88.16 1 0
github.com/danielnegreiros/go-proxmox-cli/internal/app/parser/proxmox/create_vm.go:88.16,90.3 1 0
github.com/danielnegreiros/go-proxmox-cli/internal/app/parser/proxmox/create_vm.go:91.2,91.16 1 0
github.com/danielnegreiros/go-proxmox-cli/internal/app/parser/proxmox/create_vm.go:91.16,95.3 3 0
github.com/danielnegreiros/go-proxmox-cli/internal/app/parser/proxmox/create_vm.go:97.2,97.20 1 0
github.com/danielnegreiros/go-proxmox-cli/internal/app/parser/proxmox/create_vm.go:97.20,99.3 1 0
github.com/danielnegreiros/go-proxmox-cli/internal/app/parser/proxmox/create_vm.go:100.2,100.20 1 0
github.com/danielnegreiros/go-proxmox-cli/internal/app/parser/proxmox/create_vm.go:100.20,104.3 3 0
github.com/danielnegreiros/go-proxmox-cli/internal/app/parser/proxmox/create_vm.go:106.2,106.16 1 0
github.com/danielnegreiros/go-proxmox-cli/internal/app/parser/proxmox/create_vm.go:106.16,108.3 1 0
github.com/danielnegreiros/go-proxmox-cli/internal/app/parser/proxmox/create_vm.go:109.2,109.16 1 0
github.com/danielnegreiros/go-proxmox-cli/internal/app/parser/proxmox/create_vm.go:109.16,113.3 3 0
github.com/danielnegreiros/go-proxmox-cli/internal/app/parser/proxmox/create_vm.go:115.2,115.26 1 0
github.com/danielnegreiros/go-proxmox-cli/internal/app/parser/proxmox/create_vm.go:115.26,118.3 2 0
github.com/danielnegreiros/go-proxmox-cli/internal/app/parser/proxmox/create_vm.go:120.2,120.17 1 0
github.com/danielnegreiros/go-proxmox-cli/internal/app/parser/proxmox/create_vm.go:120.17,123.3 2 0
github.com/danielnegreiros/go-proxmox-cli/internal/app/parser/proxmox/create_vm.go:125.2,125.15 1 0
github.com/danielnegreiros/go-proxmox-cli/internal/app/parser/proxmox/create_vm.go:125.15,127.33 2 0
github.com/danielnegreiros/go-proxmox-cli/internal/app/parser/proxmox/create_vm.go:127.33,129.4 1 0
github.com/danielnegreiros/go-proxmox-cli/internal/app/parser/proxmox/create_vm.go:130.3,131.13 2 0
github.com/danielnegreiros/go-proxmox-cli/internal/app/parser/proxmox/create_vm.go:134.2,144.23 8 0
github.com/danielnegreiros/go-proxmox-cli/internal/app/parser/proxmox/create_vm.go:144.23,144.63 1 0
github.com/danielnegreiros/go-proxmox-cli/internal/app/parser/proxmox/create_vm.go:145.2,145.17 1 0
github.com/danielnegreiros/go-proxmox-cli/internal/app/parser/proxmox/create_vm.go:145.17,145.45 1 0
github.com/danielnegreiros/go-proxmox-cli/internal/app/parser/proxmox/create_vm.go:146.2,146.22 1 0
github.com/danielnegreiros/go-proxmox-cli/internal/app/parser/proxmox/create_vm.go:146.22,146.60 1 0
github.com/danielnegreiros/go-proxmox-cli/internal/app/parser/proxmox/create_vm.go:147.2,147.19 1 0
github.com/danielnegreiros/go-proxmox-cli/internal/app/parser/proxmox/create_vm.go:147.19,147.51 1 0
github.com/danielnegreiros/go-proxmox-cli/internal/app/parser/proxmox/create_vm.go:148.2,148.19 1 0
github.com/danielnegreiros/go-proxmox-cli/internal/app/parser/proxmox/create_vm.go:148.19,148.51 1 0
github.com/danielnegreiros/go-proxmox-cli/internal/app/parser/proxmox/create_vm.go:149.2,149.19 1 0
github.com/danielnegreiros/go-proxmox-cli/internal/app/parser/proxmox/create_vm.go:149.19,149.51 1 0
github.com/danielnegreiros/go-proxmox-cli/internal/app/parser/proxmox/create_vm.go:150.2,150.16 1 0
github.com/danielnegreiros/go-proxmox-cli/internal/app/parser/proxmox/create_vm.go:150.16,150.42 1 0
github.com/danielnegreiros/go-proxmox-cli/internal/app/parser/proxmox/create_vm.go:152.2,152.16 1 0
github.com/danielnegreiros/go-proxmox-cli/internal/app/parser/proxmox/menu.go:12.91,31.41 5 0
github.com/danielnegreiros/go-proxmox-cli/internal/app/parser/proxmox/menu.go:31.41,32.27 1 0
github.com/danielnegreiros/go-proxmox-cli/internal/app/parser/proxmox/menu.go:32.27,35.4 2 0
github.com/danielnegreiros/go-proxmox-cli/internal/app/parser/proxmox/menu.go:38.2,41.19 3 0
github.com/danielnegreiros/go-proxmox-cli/internal/app/parser/proxmox/menu.go:41.19,43.3 1 0
github.com/danielnegreiros/go-proxmox-cli/internal/app/parser/proxmox/menu.go:45.2,46.16 2 0
github.com/danielnegreiros/go-proxmox-cli/internal/app/parser/proxmox/menu.go:46.16,48.3 1 0
github.com/danielnegreiros/go-proxmox-cli/internal/app/parser/proxmox/menu.go:50.2,50.52 1 0
github.com/danielnegreiros/go-proxmox-cli/internal/app/parser/proxmox/template_create.go:13.13,21.2 1 0
github.com/danielnegreiros/go-proxmox-cli/internal/app/parser/proxmox/template_create.go:23.66,50.29 22 0
github.com/danielnegreiros/go-proxmox-cli/internal/app/parser/proxmox/template_create.go:50.29,66.3 13 0
github.com/danielnegreiros/go-proxmox-cli/internal/app/parser/proxmox/template_create.go:68.2,72.16 3 0
github.com/danielnegreiros/go-proxmox-cli/internal/app/parser/proxmox/template_create.go:72.16,74.3 1 0
github.com/danielnegreiros/go-proxmox-cli/internal/app/parser/proxmox/template_create.go:75.2,75.16 1 0
github.com/danielnegreiros/go-proxmox-cli/internal/app/parser/proxmox/template_create.go:75.16,79.3 3 0
github.com/danielnegreiros/go-proxmox-cli/internal/app/parser/proxmox/template_create.go:81.2,81.16 1 0
github.com/danielnegreiros/go-proxmox-cli/internal/app/parser/proxmox/template_create.go:81.16,83.3 1 0
github.com/danielnegreiros/go-proxmox-cli/internal/app/parser/proxmox/template_create.go:84.2,84.16 1 0
github.com/danielnegreiros/go-proxmox-cli/internal/app/parser/proxmox/template_create.go:84.16,88.3 3 0
github.com/danielnegreiros/go-proxmox-cli/internal/app/parser/proxmox/template_create.go:90.2,90.20 1 0
github.com/danielnegreiros/go-proxmox-cli/internal/app/parser/proxmox/template_create.go:90.20,92.3 1 0
github.com/danielnegreiros/go-proxmox-cli/internal/app/parser/proxmox/template_create.go:93.2,93.20 1 0
github.com/danielnegreiros/go-proxmox-cli/internal/app/parser/proxmox/template_create.go:93.20,97.3 3 0
github.com/danielnegreiros/go-proxmox-cli/internal/app/parser/proxmox/template_create.go:99.2,99.16 1 0
github.com/danielnegreiros/go-proxmox-cli/internal/app/parser/proxmox/template_create.go:99.16,103.3 3 0
github.com/danielnegreiros/go-proxmox-cli/internal/app/parser/proxmox/template_create.go:105.2,105.17 1 0
github.com/danielnegreiros/go-proxmox-cli/internal/app/parser/proxmox/template_create.go:105.17,109.3 3 0
github.com/danielnegreiros/go-proxmox-cli/internal/app/parser/proxmox/template_create.go:111.2,111.14 1 0
github.com/danielnegreiros/go-proxmox-cli/internal/app/parser/proxmox/template_create.go:111.14,115.3 3 0
github.com/danielnegreiros/go-proxmox-cli/internal/app/parser/proxmox/template_create.go:117.2,117.19 1 0
github.com/danielnegreiros/go-proxmox-cli/internal/app/parser/proxmox/template_create.go:117.19,121.3 3 0
github.com/danielnegreiros/go-proxmox-cli/internal/app/parser/proxmox/template_create.go:123.2,123.50 1 0
github.com/danielnegreiros/go-proxmox-cli/internal/app/parser/proxmox/template_create.go:123.50,127.3 3 0
github.com/danielnegreiros/go-proxmox-cli/internal/app/parser/proxmox/template_create.go:129.2,142.16 12 0
github.com/danielnegreiros/go-proxmox-cli/internal/app/errs/panic_if_err.go:8.28,9.16 1 0
github.com/danielnegreiros/go-proxmox-cli/internal/app/errs/panic_if_err.go:9.16,12.3 2 0
github.com/danielnegreiros/go-proxmox-cli/internal/app/errs/panic_if_err.go:15.43,16.16 1 0
github.com/danielnegreiros/go-proxmox-cli/internal/app/errs/panic_if_err.go:16.16,20.3 3 0
github.com/danielnegreiros/go-proxmox-cli/internal/app/parser/main_cmd/init.go:5.42,7.2 1 0
github.com/danielnegreiros/go-proxmox-cli/internal/app/parser/main_cmd/proxmox.go:8.13,14.2 1 0
github.com/danielnegreiros/go-proxmox-cli/internal/app/parser/main_cmd/unix.go:8.13,14.2 1 0
github.com/danielnegreiros/go-proxmox-cli/internal/domain/usecases/conf/cloud_init_conf.go:7.52,14.8 3 0
github.com/danielnegreiros/go-proxmox-cli/internal/domain/usecases/conf/cloud_init_conf.go:14.8,16.3 1 0
github.com/danielnegreiros/go-proxmox-cli/internal/domain/usecases/conf/cloud_init_conf.go:18.2,18.56 1 0
github.com/danielnegreiros/go-proxmox-cli/cmd/proxmox/main.go:11.13,15.2 3 0
github.com/danielnegreiros/go-proxmox-cli/cmd/proxmox/main.go:19.120,22.2 2 0
github.com/danielnegreiros/go-proxmox-cli/cmd/proxmox/main.go:26.131,30.2 3 0
github.com/danielnegreiros/go-proxmox-cli/internal/app/parser/utils/utils.go:11.29,15.2 3 0
github.com/danielnegreiros/go-proxmox-cli/internal/app/parser/utils/utils.go:17.95,18.36 1 0
github.com/danielnegreiros/go-proxmox-cli/internal/app/parser/utils/utils.go:18.36,20.27 2 0
github.com/danielnegreiros/go-proxmox-cli/internal/app/parser/utils/utils.go:20.27,22.4 1 0
github.com/danielnegreiros/go-proxmox-cli/internal/app/parser/utils/utils.go:24.2,24.30 1 0
github.com/danielnegreiros/go-proxmox-cli/internal/app/parser/utils/utils.go:31.70,32.34 1 0
github.com/danielnegreiros/go-proxmox-cli/internal/app/parser/utils/utils.go:32.34,34.3 1 0
github.com/danielnegreiros/go-proxmox-cli/internal/app/parser/utils/utils.go:36.2,36.36 1 0
github.com/danielnegreiros/go-proxmox-cli/internal/domain/entity/security.go:9.71,15.2 1 0
github.com/danielnegreiros/go-proxmox-cli/internal/domain/entity/ticket.go:10.91,17.2 1 0
github.com/danielnegreiros/go-proxmox-cli/internal/app/cli_handler/unix/harden_ssh.go:10.50,17.2 4 0
github.com/danielnegreiros/go-proxmox-cli/internal/app/cli_handler/unix/harden_ssh.go:19.62,21.66 1 0
github.com/danielnegreiros/go-proxmox-cli/internal/app/cli_handler/unix/harden_ssh.go:21.66,23.3 1 0
github.com/danielnegreiros/go-proxmox-cli/internal/app/cli_handler/unix/harden_ssh.go:23.8,25.3 1 0
github.com/danielnegreiros/go-proxmox-cli/internal/app/cli_handler/proxmox/clean_up_snapshot.go:10.56,23.2 8 0
github.com/danielnegreiros/go-proxmox-cli/internal/app/cli_handler/proxmox/clean_up_snapshot.go:27.92,33.2 3 0
github.com/danielnegreiros/go-proxmox-cli/internal/app/cli_handler/proxmox/clean_up_snapshot.go:35.134,38.38 2 0
github.com/danielnegreiros/go-proxmox-cli/internal/app/cli_handler/proxmox/clean_up_snapshot.go:38.38,41.35 2 0
github.com/danielnegreiros/go-proxmox-cli/internal/app/cli_handler/proxmox/clean_up_snapshot.go:41.35,45.4 3 0
github.com/danielnegreiros/go-proxmox-cli/internal/app/cli_handler/proxmox/clean_up_snapshot.go:48.2,48.18 1 0
github.com/danielnegreiros/go-proxmox-cli/internal/app/cli_handler/proxmox/create_snapshot.go:10.55,21.38 7 0
github.com/danielnegreiros/go-proxmox-cli/internal/app/cli_handler/proxmox/create_snapshot.go:21.38,23.3 1 0
github.com/danielnegreiros/go-proxmox-cli/internal/app/cli_handler/proxmox/create_snapshot.go:25.2,26.42 2 0
github.com/danielnegreiros/go-proxmox-cli/internal/app/cli_handler/proxmox/create_vm_handler.go:10.49,18.87 5 0
github.com/danielnegreiros/go-proxmox-cli/internal/app/cli_handler/proxmox/create_vm_handler.go:18.87,20.3 1 0
github.com/danielnegreiros/go-proxmox-cli/internal/app/cli_handler/proxmox/create_vm_handler.go:20.8,22.3 1 0
github.com/danielnegreiros/go-proxmox-cli/internal/app/cli_handler/proxmox/create_vm_handler.go:23.2,39.27 4 0
github.com/danielnegreiros/go-proxmox-cli/internal/app/cli_handler/proxmox/template_handler.go:11.49,20.2 5 0
github.com/danielnegreiros/go-proxmox-cli/internal/domain/usecases/unix/conf/harden_sshd.go:23.36,110.2 3 0
github.com/danielnegreiros/go-proxmox-cli/internal/infrastructure/ports/infra.go:10.106,17.2 1 0
github.com/danielnegreiros/go-proxmox-cli/internal/infrastructure/adapters/linux.go:23.89,30.16 3 0
github.com/danielnegreiros/go-proxmox-cli/internal/infrastructure/adapters/linux.go:30.16,32.3 1 0
github.com/danielnegreiros/go-proxmox-cli/internal/infrastructure/adapters/linux.go:34.2,40.3 1 0
github.com/danielnegreiros/go-proxmox-cli/internal/infrastructure/adapters/linux.go:43.32,45.2 1 0
github.com/danielnegreiros/go-proxmox-cli/internal/infrastructure/adapters/linux.go:47.78,52.16 3 0
github.com/danielnegreiros/go-proxmox-cli/internal/infrastructure/adapters/linux.go:52.16,54.3 1 0
github.com/danielnegreiros/go-proxmox-cli/internal/infrastructure/adapters/linux.go:55.2,59.67 4 0
github.com/danielnegreiros/go-proxmox-cli/internal/infrastructure/adapters/linux.go:64.70,66.16 2 0
github.com/danielnegreiros/go-proxmox-cli/internal/infrastructure/adapters/linux.go:66.16,69.3 2 0
github.com/danielnegreiros/go-proxmox-cli/internal/infrastructure/adapters/linux.go:71.2,78.3 1 0
github.com/danielnegreiros/go-proxmox-cli/internal/infrastructure/adapters/linux.go:82.93,84.2 1 0
github.com/danielnegreiros/go-proxmox-cli/internal/infrastructure/adapters/linux.go:87.60,89.2 1 0
github.com/danielnegreiros/go-proxmox-cli/internal/infrastructure/adapters/linux.go:92.79,94.16 2 0
github.com/danielnegreiros/go-proxmox-cli/internal/infrastructure/adapters/linux.go:94.16,96.3 1 0
github.com/danielnegreiros/go-proxmox-cli/internal/infrastructure/adapters/linux.go:98.2,99.16 2 0
github.com/danielnegreiros/go-proxmox-cli/internal/infrastructure/adapters/linux.go:99.16,101.3 1 0
github.com/danielnegreiros/go-proxmox-cli/internal/infrastructure/adapters/linux.go:103.2,104.16 2 0
github.com/danielnegreiros/go-proxmox-cli/internal/infrastructure/adapters/linux.go:104.16,106.3 1 0
github.com/danielnegreiros/go-proxmox-cli/internal/infrastructure/adapters/linux.go:108.2,109.16 2 0
github.com/danielnegreiros/go-proxmox-cli/internal/infrastructure/adapters/linux.go:109.16,111.3 1 0
github.com/danielnegreiros/go-proxmox-cli/internal/infrastructure/adapters/linux.go:113.2,114.16 2 0
github.com/danielnegreiros/go-proxmox-cli/internal/infrastructure/adapters/linux.go:114.16,116.3 1 0
github.com/danielnegreiros/go-proxmox-cli/internal/infrastructure/adapters/linux.go:118.2,119.16 2 0
github.com/danielnegreiros/go-proxmox-cli/internal/infrastructure/adapters/linux.go:119.16,121.3 1 0
github.com/danielnegreiros/go-proxmox-cli/internal/infrastructure/adapters/linux.go:123.2,123.54 1 0
github.com/danielnegreiros/go-proxmox-cli/internal/infrastructure/adapters/linux.go:127.44,129.16 2 0
github.com/danielnegreiros/go-proxmox-cli/internal/infrastructure/adapters/linux.go:129.16,131.3 1 0
github.com/danielnegreiros/go-proxmox-cli/internal/infrastructure/adapters/linux.go:133.2,136.16 3 0
github.com/danielnegreiros/go-proxmox-cli/internal/infrastructure/adapters/linux.go:136.16,138.3 1 0
github.com/danielnegreiros/go-proxmox-cli/internal/infrastructure/adapters/linux.go:139.2,140.16 2 0
github.com/danielnegreiros/go-proxmox-cli/internal/infrastructure/adapters/linux.go:140.16,142.3 1 0
github.com/danielnegreiros/go-proxmox-cli/internal/infrastructure/adapters/linux.go:143.2,143.17 1 0
github.com/danielnegreiros/go-proxmox-cli/internal/infrastructure/adapters/local.go:12.38,14.2 1 1
github.com/danielnegreiros/go-proxmox-cli/internal/infrastructure/adapters/local.go:16.78,26.2 4 1
github.com/danielnegreiros/go-proxmox-cli/internal/infrastructure/adapters/local.go:28.33,28.34 0 0
github.com/danielnegreiros/go-proxmox-cli/internal/infrastructure/ports/infra.go:10.106,17.2 1 1
github.com/danielnegreiros/go-proxmox-cli/internal/app/errs/panic_if_err.go:8.28,9.16 1 1
github.com/danielnegreiros/go-proxmox-cli/internal/app/errs/panic_if_err.go:9.16,12.3 2 0
github.com/danielnegreiros/go-proxmox-cli/internal/app/errs/panic_if_err.go:15.43,16.16 1 0
github.com/danielnegreiros/go-proxmox-cli/internal/app/errs/panic_if_err.go:16.16,20.3 3 0
github.com/danielnegreiros/go-proxmox-cli/internal/domain/usecases/unix/harden_ssh.go:14.91,19.2 1 1
github.com/danielnegreiros/go-proxmox-cli/internal/domain/usecases/unix/harden_ssh.go:21.37,23.38 1 1
github.com/danielnegreiros/go-proxmox-cli/internal/domain/usecases/unix/harden_ssh.go:23.38,24.39 1 1
github.com/danielnegreiros/go-proxmox-cli/internal/domain/usecases/unix/harden_ssh.go:24.39,39.4 2 1
github.com/danielnegreiros/go-proxmox-cli/internal/domain/usecases/unix/conf/harden_sshd.go:23.36,110.2 3 1
github.com/danielnegreiros/go-proxmox-cli/internal/infrastructure/ports/infra.go:10.106,17.2 1 1
github.com/danielnegreiros/go-proxmox-cli/internal/app/errs/panic_if_err.go:8.28,9.16 1 1
github.com/danielnegreiros/go-proxmox-cli/internal/app/errs/panic_if_err.go:9.16,12.3 2 0
github.com/danielnegreiros/go-proxmox-cli/internal/app/errs/panic_if_err.go:15.43,16.16 1 0
github.com/danielnegreiros/go-proxmox-cli/internal/app/errs/panic_if_err.go:16.16,20.3 3 0
github.com/danielnegreiros/go-proxmox-cli/internal/app/http_client/http_client.go:10.84,20.2 1 1
github.com/danielnegreiros/go-proxmox-cli/internal/app/http_client/http_client.go:22.58,27.2 4 1
github.com/danielnegreiros/go-proxmox-cli/internal/domain/entity/security.go:9.71,15.2 1 1
github.com/danielnegreiros/go-proxmox-cli/internal/domain/entity/ticket.go:10.91,17.2 1 0
github.com/danielnegreiros/go-proxmox-cli/internal/domain/usecases/conf/cloud_init_conf.go:7.52,14.8 3 0
github.com/danielnegreiros/go-proxmox-cli/internal/domain/usecases/conf/cloud_init_conf.go:14.8,16.3 1 0
github.com/danielnegreiros/go-proxmox-cli/internal/domain/usecases/conf/cloud_init_conf.go:18.2,18.56 1 0
github.com/danielnegreiros/go-proxmox-cli/internal/domain/usecases/proxmox/clean_up_snap.go:21.117,28.2 1 0
github.com/danielnegreiros/go-proxmox-cli/internal/domain/usecases/proxmox/clean_up_snap.go:30.73,37.32 5 0
github.com/danielnegreiros/go-proxmox-cli/internal/domain/usecases/proxmox/clean_up_snap.go:37.32,39.3 1 0
github.com/danielnegreiros/go-proxmox-cli/internal/domain/usecases/proxmox/clean_up_snap.go:41.2,41.24 1 0
github.com/danielnegreiros/go-proxmox-cli/internal/domain/usecases/proxmox/clean_up_snap.go:41.24,43.3 1 0
github.com/danielnegreiros/go-proxmox-cli/internal/domain/usecases/proxmox/clean_up_snap.go:45.2,45.38 1 0
github.com/danielnegreiros/go-proxmox-cli/internal/domain/usecases/proxmox/clean_up_snap.go:48.80,53.29 3 1
github.com/danielnegreiros/go-proxmox-cli/internal/domain/usecases/proxmox/clean_up_snap.go:53.29,54.35 1 1
github.com/danielnegreiros/go-proxmox-cli/internal/domain/usecases/proxmox/clean_up_snap.go:54.35,56.4 1 1
github.com/danielnegreiros/go-proxmox-cli/internal/domain/usecases/proxmox/clean_up_snap.go:59.2,59.17 1 1
github.com/danielnegreiros/go-proxmox-cli/internal/domain/usecases/proxmox/clean_up_snap.go:63.80,68.29 3 1
github.com/danielnegreiros/go-proxmox-cli/internal/domain/usecases/proxmox/clean_up_snap.go:68.29,69.36 1 1
github.com/danielnegreiros/go-proxmox-cli/internal/domain/usecases/proxmox/clean_up_snap.go:69.36,71.4 1 1
github.com/danielnegreiros/go-proxmox-cli/internal/domain/usecases/proxmox/clean_up_snap.go:74.2,74.17 1 1
github.com/danielnegreiros/go-proxmox-cli/internal/domain/usecases/proxmox/clean_up_snap.go:78.71,83.29 3 1
github.com/danielnegreiros/go-proxmox-cli/internal/domain/usecases/proxmox/clean_up_snap.go:83.29,87.57 3 1
github.com/danielnegreiros/go-proxmox-cli/internal/domain/usecases/proxmox/clean_up_snap.go:87.57,89.4 1 1
github.com/danielnegreiros/go-proxmox-cli/internal/domain/usecases/proxmox/clean_up_snap.go:92.2,92.17 1 1
github.com/danielnegreiros/go-proxmox-cli/internal/domain/usecases/proxmox/clean_up_snap.go:95.79,114.2 2 0
github.com/danielnegreiros/go-proxmox-cli/internal/domain/usecases/proxmox/create_cloud_init_template.go:22.142,31.2 1 0
github.com/danielnegreiros/go-proxmox-cli/internal/domain/usecases/proxmox/create_cloud_init_template.go:33.45,76.2 29 0
github.com/danielnegreiros/go-proxmox-cli/internal/domain/usecases/proxmox/create_cloud_init_template.go:78.43,81.2 2 0
github.com/danielnegreiros/go-proxmox-cli/internal/domain/usecases/proxmox/create_cloud_init_template.go:83.43,85.2 1 0
github.com/danielnegreiros/go-proxmox-cli/internal/domain/usecases/proxmox/create_cloud_init_template.go:87.53,89.89 1 0
github.com/danielnegreiros/go-proxmox-cli/internal/domain/usecases/proxmox/create_cloud_init_template.go:89.89,91.3 1 0
github.com/danielnegreiros/go-proxmox-cli/internal/domain/usecases/proxmox/create_cloud_init_template.go:93.2,93.66 1 0
github.com/danielnegreiros/go-proxmox-cli/internal/domain/usecases/proxmox/create_cloud_init_template.go:93.66,95.3 1 0
github.com/danielnegreiros/go-proxmox-cli/internal/domain/usecases/proxmox/create_cloud_init_template.go:97.2,97.21 1 0
github.com/danielnegreiros/go-proxmox-cli/internal/domain/usecases/proxmox/create_cloud_init_template.go:97.21,99.3 1 0
github.com/danielnegreiros/go-proxmox-cli/internal/domain/usecases/proxmox/create_snap_pool_vms.go:18.101,23.2 1 0
github.com/danielnegreiros/go-proxmox-cli/internal/domain/usecases/proxmox/create_snap_pool_vms.go:25.56,31.30 4 0
github.com/danielnegreiros/go-proxmox-cli/internal/domain/usecases/proxmox/create_snap_pool_vms.go:31.30,51.27 3 0
github.com/danielnegreiros/go-proxmox-cli/internal/domain/usecases/proxmox/create_snap_pool_vms.go:51.27,53.4 1 0
github.com/danielnegreiros/go-proxmox-cli/internal/domain/usecases/proxmox/create_snap_pool_vms.go:55.2,55.38 1 0
github.com/danielnegreiros/go-proxmox-cli/internal/domain/usecases/proxmox/create_vm_from_tmpl.go:47.105,53.2 1 0
github.com/danielnegreiros/go-proxmox-cli/internal/domain/usecases/proxmox/create_vm_from_tmpl.go:55.37,57.49 1 0
github.com/danielnegreiros/go-proxmox-cli/internal/domain/usecases/proxmox/create_vm_from_tmpl.go:57.49,59.3 1 0
github.com/danielnegreiros/go-proxmox-cli/internal/domain/usecases/proxmox/create_vm_from_tmpl.go:61.2,63.121 2 0
github.com/danielnegreiros/go-proxmox-cli/internal/domain/usecases/proxmox/create_vm_from_tmpl.go:63.121,65.3 1 0
github.com/danielnegreiros/go-proxmox-cli/internal/domain/usecases/proxmox/create_vm_from_tmpl.go:66.2,66.11 1 0
github.com/danielnegreiros/go-proxmox-cli/internal/domain/usecases/proxmox/create_vm_from_tmpl.go:70.49,87.39 4 0
github.com/danielnegreiros/go-proxmox-cli/internal/domain/usecases/proxmox/create_vm_from_tmpl.go:87.39,88.36 1 0
github.com/danielnegreiros/go-proxmox-cli/internal/domain/usecases/proxmox/create_vm_from_tmpl.go:88.36,90.4 1 0
github.com/danielnegreiros/go-proxmox-cli/internal/domain/usecases/proxmox/create_vm_from_tmpl.go:93.2,93.14 1 0
github.com/danielnegreiros/go-proxmox-cli/internal/domain/usecases/proxmox/create_vm_from_tmpl.go:97.44,120.2 4 0
github.com/danielnegreiros/go-proxmox-cli/internal/domain/usecases/proxmox/create_vm_from_tmpl.go:122.37,145.2 4 0
github.com/danielnegreiros/go-proxmox-cli/internal/domain/usecases/proxmox/create_vm_from_tmpl.go:147.44,178.2 9 0
github.com/danielnegreiros/go-proxmox-cli/internal/domain/usecases/proxmox/create_vm_from_tmpl.go:180.34,200.2 3 0
github.com/danielnegreiros/go-proxmox-cli/internal/domain/usecases/proxmox/get_ticket.go:19.83,23.2 1 1
github.com/danielnegreiros/go-proxmox-cli/internal/domain/usecases/proxmox/get_ticket.go:25.57,43.2 5 1
github.com/danielnegreiros/go-proxmox-cli/internal/domain/usecases/proxmox/list_snapshots.go:26.69,30.2 1 1
github.com/danielnegreiros/go-proxmox-cli/internal/domain/usecases/proxmox/list_snapshots.go:32.76,50.2 4 1
github.com/danielnegreiros/go-proxmox-cli/internal/domain/usecases/proxmox/list_vms.go:24.67,28.2 1 1
github.com/danielnegreiros/go-proxmox-cli/internal/domain/usecases/proxmox/list_vms.go:30.63,49.2 4 1
github.com/danielnegreiros/go-proxmox-cli/internal/domain/usecases/proxmox/list_vms_from_pool.go:46.83,50.2 1 0
github.com/danielnegreiros/go-proxmox-cli/internal/domain/usecases/proxmox/list_vms_from_pool.go:52.69,71.2 4 0
github.com/danielnegreiros/go-proxmox-cli/internal/infrastructure/ports/infra.go:10.106,17.2 1 0
github.com/danielnegreiros/go-proxmox-cli/internal/app/errs/panic_if_err.go:8.28,9.16 1 1
github.com/danielnegreiros/go-proxmox-cli/internal/app/errs/panic_if_err.go:9.16,12.3 2 0
github.com/danielnegreiros/go-proxmox-cli/internal/app/errs/panic_if_err.go:15.43,16.16 1 0
github.com/danielnegreiros/go-proxmox-cli/internal/app/errs/panic_if_err.go:16.16,20.3 3 0
github.com/danielnegreiros/go-proxmox-cli/internal/app/http_client/http_client.go:10.84,20.2 1 1
github.com/danielnegreiros/go-proxmox-cli/internal/app/http_client/http_client.go:22.58,27.2 4 0
github.com/danielnegreiros/go-proxmox-cli/pkg/modules/rest/http_request.go:25.44,32.21 4 1
github.com/danielnegreiros/go-proxmox-cli/pkg/modules/rest/http_request.go:32.21,34.3 1 0
github.com/danielnegreiros/go-proxmox-cli/pkg/modules/rest/http_request.go:36.2,36.28 1 1
github.com/danielnegreiros/go-proxmox-cli/pkg/modules/rest/http_request.go:36.28,38.3 1 0
github.com/danielnegreiros/go-proxmox-cli/pkg/modules/rest/http_request.go:40.2,53.32 10 1
github.com/danielnegreiros/go-proxmox-cli/pkg/modules/rest/http_request.go:56.58,57.33 1 1
github.com/danielnegreiros/go-proxmox-cli/pkg/modules/rest/http_request.go:57.33,58.20 1 1
github.com/danielnegreiros/go-proxmox-cli/pkg/modules/rest/http_request.go:58.20,60.4 1 1
github.com/danielnegreiros/go-proxmox-cli/pkg/modules/rest/http_request.go:62.2,63.17 2 0
